0 info it worked if it ends with ok
1 verbose cli [ 'node',
1 verbose cli   '/usr/local/bin/npm',
1 verbose cli   'install',
1 verbose cli   '-g',
1 verbose cli   'meteorite-0.5.9' ]
2 info using npm@1.4.23
3 info using node@v0.10.31
4 verbose cache add [ 'meteorite-0.5.9', null ]
5 verbose cache add name=undefined spec="meteorite-0.5.9" args=["meteorite-0.5.9",null]
6 verbose parsed url { protocol: null,
6 verbose parsed url   slashes: null,
6 verbose parsed url   auth: null,
6 verbose parsed url   host: null,
6 verbose parsed url   port: null,
6 verbose parsed url   hostname: null,
6 verbose parsed url   hash: null,
6 verbose parsed url   search: null,
6 verbose parsed url   query: null,
6 verbose parsed url   pathname: 'meteorite-0.5.9',
6 verbose parsed url   path: 'meteorite-0.5.9',
6 verbose parsed url   href: 'meteorite-0.5.9' }
7 silly lockFile 74f142a3-meteorite-0-5-9 meteorite-0.5.9
8 verbose lock meteorite-0.5.9 /Users/danilovaz/.npm/74f142a3-meteorite-0-5-9.lock
9 silly lockFile 74f142a3-meteorite-0-5-9 meteorite-0.5.9
10 silly lockFile 74f142a3-meteorite-0-5-9 meteorite-0.5.9
11 verbose addNamed [ 'meteorite-0.5.9', '' ]
12 verbose addNamed [ null, '*' ]
13 silly lockFile 3d4751e2-meteorite-0-5-9 meteorite-0.5.9@
14 verbose lock meteorite-0.5.9@ /Users/danilovaz/.npm/3d4751e2-meteorite-0-5-9.lock
15 silly addNameRange { name: 'meteorite-0.5.9', range: '*', hasData: false }
16 verbose request where is /meteorite-0.5.9
17 verbose request registry https://registry.npmjs.org/
18 verbose request id 3cc4d09b5a5400b3
19 verbose url raw /meteorite-0.5.9
20 verbose url resolving [ 'https://registry.npmjs.org/', './meteorite-0.5.9' ]
21 verbose url resolved https://registry.npmjs.org/meteorite-0.5.9
22 verbose request where is https://registry.npmjs.org/meteorite-0.5.9
23 info trying registry request attempt 1 at 00:32:07
24 http GET https://registry.npmjs.org/meteorite-0.5.9
25 http 404 https://registry.npmjs.org/meteorite-0.5.9
26 verbose headers { date: 'Sun, 18 Jan 2015 02:32:15 GMT',
26 verbose headers   server: 'CouchDB/1.5.0 (Erlang OTP/R16B03)',
26 verbose headers   'content-type': 'application/json',
26 verbose headers   'cache-control': 'max-age=0',
26 verbose headers   'content-length': '52',
26 verbose headers   'accept-ranges': 'bytes',
26 verbose headers   via: '1.1 varnish',
26 verbose headers   age: '0',
26 verbose headers   'x-served-by': 'cache-jfk1027-JFK',
26 verbose headers   'x-cache': 'MISS',
26 verbose headers   'x-cache-hits': '0',
26 verbose headers   'x-timer': 'S1421548335.605028,VS0,VE351',
26 verbose headers   'keep-alive': 'timeout=10, max=50',
26 verbose headers   connection: 'Keep-Alive' }
27 silly registry.get cb [ 404,
27 silly registry.get   { date: 'Sun, 18 Jan 2015 02:32:15 GMT',
27 silly registry.get     server: 'CouchDB/1.5.0 (Erlang OTP/R16B03)',
27 silly registry.get     'content-type': 'application/json',
27 silly registry.get     'cache-control': 'max-age=0',
27 silly registry.get     'content-length': '52',
27 silly registry.get     'accept-ranges': 'bytes',
27 silly registry.get     via: '1.1 varnish',
27 silly registry.get     age: '0',
27 silly registry.get     'x-served-by': 'cache-jfk1027-JFK',
27 silly registry.get     'x-cache': 'MISS',
27 silly registry.get     'x-cache-hits': '0',
27 silly registry.get     'x-timer': 'S1421548335.605028,VS0,VE351',
27 silly registry.get     'keep-alive': 'timeout=10, max=50',
27 silly registry.get     connection: 'Keep-Alive' } ]
28 silly lockFile 3d4751e2-meteorite-0-5-9 meteorite-0.5.9@
29 silly lockFile 3d4751e2-meteorite-0-5-9 meteorite-0.5.9@
30 error 404 404 Not Found: meteorite-0.5.9
30 error 404
30 error 404 'meteorite-0.5.9' is not in the npm registry.
30 error 404 You should bug the author to publish it
30 error 404
30 error 404 Note that you can also install from a
30 error 404 tarball, folder, or http url, or git url.
31 error System Darwin 13.4.0
32 error command "node" "/usr/local/bin/npm" "install" "-g" "meteorite-0.5.9"
33 error cwd /Users/danilovaz/Documents/Danilo/untitled folder/v01/kurgala
34 error node -v v0.10.31
35 error npm -v 1.4.23
36 error code E404
37 verbose exit [ 1, true ]
